Determining if the pthread_create exist failed with the following output:
Change Dir: /homes/joschroeder/github/nightwatcher/catkin_ws/build/CMakeFiles/CMakeTmp

Run Build Command:"/usr/bin/gmake" "cmTC_a93aa/fast"
/usr/bin/gmake -f CMakeFiles/cmTC_a93aa.dir/build.make CMakeFiles/cmTC_a93aa.dir/build
gmake[1]: Entering directory '/homes/joschroeder/github/nightwatcher/catkin_ws/build/CMakeFiles/CMakeTmp'
Building C object CMakeFiles/cmTC_a93aa.dir/CheckSymbolExists.c.o
/usr/bin/cc     -o CMakeFiles/cmTC_a93aa.dir/CheckSymbolExists.c.o   -c /homes/joschroeder/github/nightwatcher/catkin_ws/build/CMakeFiles/CMakeTmp/CheckSymbolExists.c
Linking C executable cmTC_a93aa
/usr/bin/cmake -E cmake_link_script CMakeFiles/cmTC_a93aa.dir/link.txt --verbose=1
/usr/bin/cc       CMakeFiles/cmTC_a93aa.dir/CheckSymbolExists.c.o  -o cmTC_a93aa -rdynamic 
CMakeFiles/cmTC_a93aa.dir/CheckSymbolExists.c.o: In function `main':
CheckSymbolExists.c:(.text+0x16): undefined reference to `pthread_create'
collect2: error: ld returned 1 exit status
CMakeFiles/cmTC_a93aa.dir/build.make:97: recipe for target 'cmTC_a93aa' failed
gmake[1]: *** [cmTC_a93aa] Error 1
gmake[1]: Leaving directory '/homes/joschroeder/github/nightwatcher/catkin_ws/build/CMakeFiles/CMakeTmp'
Makefile:126: recipe for target 'cmTC_a93aa/fast' failed
gmake: *** [cmTC_a93aa/fast] Error 2

File /homes/joschroeder/github/nightwatcher/catkin_ws/build/CMakeFiles/CMakeTmp/CheckSymbolExists.c:
/* */
#include <pthread.h>

int main(int argc, char** argv)
{
  (void)argv;
#ifndef pthread_create
  return ((int*)(&pthread_create))[argc];
#else
  (void)argc;
  return 0;
#endif
}

Determining if the function pthread_create exists in the pthreads failed with the following output:
Change Dir: /homes/joschroeder/github/nightwatcher/catkin_ws/build/CMakeFiles/CMakeTmp

Run Build Command:"/usr/bin/gmake" "cmTC_3a448/fast"
/usr/bin/gmake -f CMakeFiles/cmTC_3a448.dir/build.make CMakeFiles/cmTC_3a448.dir/build
gmake[1]: Entering directory '/homes/joschroeder/github/nightwatcher/catkin_ws/build/CMakeFiles/CMakeTmp'
Building C object CMakeFiles/cmTC_3a448.dir/CheckFunctionExists.c.o
/usr/bin/cc    -DCHECK_FUNCTION_EXISTS=pthread_create   -o CMakeFiles/cmTC_3a448.dir/CheckFunctionExists.c.o   -c /usr/share/cmake-3.5/Modules/CheckFunctionExists.c
Linking C executable cmTC_3a448
/usr/bin/cmake -E cmake_link_script CMakeFiles/cmTC_3a448.dir/link.txt --verbose=1
/usr/bin/cc   -DCHECK_FUNCTION_EXISTS=pthread_create    CMakeFiles/cmTC_3a448.dir/CheckFunctionExists.c.o  -o cmTC_3a448 -rdynamic -lpthreads 
/usr/bin/ld: cannot find -lpthreads
collect2: error: ld returned 1 exit status
CMakeFiles/cmTC_3a448.dir/build.make:97: recipe for target 'cmTC_3a448' failed
gmake[1]: *** [cmTC_3a448] Error 1
gmake[1]: Leaving directory '/homes/joschroeder/github/nightwatcher/catkin_ws/build/CMakeFiles/CMakeTmp'
Makefile:126: recipe for target 'cmTC_3a448/fast' failed
gmake: *** [cmTC_3a448/fast] Error 2


